mode: set
github.com/padiazg/notifier/connector/amqp/amqp.go:21.49,24.25 2 0
github.com/padiazg/notifier/connector/amqp/amqp.go:25.22,26.45 1 0
github.com/padiazg/notifier/connector/amqp/amqp.go:27.22,28.45 1 0
github.com/padiazg/notifier/connector/amqp/amqp.go:31.2,31.17 1 0
github.com/padiazg/notifier/connector/amqp/amqp09.go:20.62,21.19 1 0
github.com/padiazg/notifier/connector/amqp/amqp09.go:21.19,23.3 1 0
github.com/padiazg/notifier/connector/amqp/amqp09.go:25.2,25.23 1 0
github.com/padiazg/notifier/connector/amqp/amqp09.go:25.23,27.3 1 0
github.com/padiazg/notifier/connector/amqp/amqp09.go:29.2,33.10 3 0
github.com/padiazg/notifier/connector/amqp/amqp09.go:36.40,38.2 1 0
github.com/padiazg/notifier/connector/amqp/amqp09.go:40.40,42.2 1 0
github.com/padiazg/notifier/connector/amqp/amqp09.go:44.71,46.2 1 0
github.com/padiazg/notifier/connector/amqp/amqp09.go:48.42,52.16 3 0
github.com/padiazg/notifier/connector/amqp/amqp09.go:52.16,54.3 1 0
github.com/padiazg/notifier/connector/amqp/amqp09.go:56.2,56.12 1 0
github.com/padiazg/notifier/connector/amqp/amqp09.go:59.40,62.38 2 0
github.com/padiazg/notifier/connector/amqp/amqp09.go:62.38,64.3 1 0
github.com/padiazg/notifier/connector/amqp/amqp09.go:69.69,71.2 1 0
github.com/padiazg/notifier/connector/amqp/amqp09.go:73.89,76.2 1 0
github.com/padiazg/notifier/connector/amqp/amqp09.go:78.40,80.2 1 0
github.com/padiazg/notifier/connector/amqp/amqp10.go:24.62,25.19 1 0
github.com/padiazg/notifier/connector/amqp/amqp10.go:25.19,27.3 1 0
github.com/padiazg/notifier/connector/amqp/amqp10.go:29.2,29.23 1 0
github.com/padiazg/notifier/connector/amqp/amqp10.go:29.23,31.3 1 0
github.com/padiazg/notifier/connector/amqp/amqp10.go:33.2,37.10 3 0
github.com/padiazg/notifier/connector/amqp/amqp10.go:40.40,42.2 1 0
github.com/padiazg/notifier/connector/amqp/amqp10.go:44.40,46.2 1 0
github.com/padiazg/notifier/connector/amqp/amqp10.go:48.71,50.2 1 0
github.com/padiazg/notifier/connector/amqp/amqp10.go:52.42,62.16 4 0
github.com/padiazg/notifier/connector/amqp/amqp10.go:62.16,64.3 1 0
github.com/padiazg/notifier/connector/amqp/amqp10.go:68.2,69.16 2 0
github.com/padiazg/notifier/connector/amqp/amqp10.go:69.16,71.3 1 0
github.com/padiazg/notifier/connector/amqp/amqp10.go:75.2,78.16 2 0
github.com/padiazg/notifier/connector/amqp/amqp10.go:78.16,80.3 1 0
github.com/padiazg/notifier/connector/amqp/amqp10.go:82.2,82.12 1 0
github.com/padiazg/notifier/connector/amqp/amqp10.go:85.40,88.2 1 0
github.com/padiazg/notifier/connector/amqp/amqp10.go:90.69,92.40 1 0
github.com/padiazg/notifier/connector/amqp/amqp10.go:92.40,94.3 1 0
github.com/padiazg/notifier/connector/amqp/amqp10.go:95.2,95.22 1 0
github.com/padiazg/notifier/connector/amqp/amqp10.go:99.40,105.38 2 0
github.com/padiazg/notifier/connector/amqp/amqp10.go:105.38,107.19 2 0
github.com/padiazg/notifier/connector/amqp/amqp10.go:107.19,109.4 1 0
github.com/padiazg/notifier/connector/amqp/amqp10.go:113.2,113.34 1 0
github.com/padiazg/notifier/connector/amqp/amqp10.go:113.34,115.3 1 0
github.com/padiazg/notifier/connector/amqp/amqp10.go:120.100,130.16 4 0
github.com/padiazg/notifier/connector/amqp/amqp10.go:130.16,132.3 1 0
github.com/padiazg/notifier/connector/amqp/amqp10.go:135.2,136.16 2 0
github.com/padiazg/notifier/connector/amqp/amqp10.go:136.16,138.3 1 0
github.com/padiazg/notifier/connector/amqp/amqp10.go:140.2,140.44 1 0
github.com/padiazg/notifier/connector/dummy/dummy.go:22.41,28.19 2 0
github.com/padiazg/notifier/connector/dummy/dummy.go:28.19,30.3 1 0
github.com/padiazg/notifier/connector/dummy/dummy.go:32.2,32.11 1 0
github.com/padiazg/notifier/connector/dummy/dummy.go:35.41,36.27 1 0
github.com/padiazg/notifier/connector/dummy/dummy.go:36.27,38.3 1 0
github.com/padiazg/notifier/connector/dummy/dummy.go:40.2,40.12 1 0
github.com/padiazg/notifier/connector/dummy/dummy.go:43.39,45.2 1 0
github.com/padiazg/notifier/connector/dummy/dummy.go:47.39,49.38 2 0
github.com/padiazg/notifier/connector/dummy/dummy.go:49.38,51.3 1 0
github.com/padiazg/notifier/connector/dummy/dummy.go:54.70,56.2 1 0
github.com/padiazg/notifier/connector/dummy/dummy.go:58.68,59.40 1 0
github.com/padiazg/notifier/connector/dummy/dummy.go:59.40,61.3 1 0
github.com/padiazg/notifier/connector/dummy/dummy.go:63.2,63.22 1 0
github.com/padiazg/notifier/connector/dummy/dummy.go:66.99,72.9 5 0
github.com/padiazg/notifier/connector/dummy/dummy.go:72.9,74.3 1 0
github.com/padiazg/notifier/connector/dummy/dummy.go:75.2,75.12 1 0
github.com/padiazg/notifier/connector/dummy/dummy.go:78.59,78.83 1 0
github.com/padiazg/notifier/connector/dummy/dummy.go:79.59,79.77 1 0
github.com/padiazg/notifier/connector/dummy/dummy.go:80.59,80.74 1 0
github.com/padiazg/notifier/connector/dummy/dummy.go:82.67,85.28 3 0
github.com/padiazg/notifier/connector/dummy/dummy.go:85.28,86.16 1 0
github.com/padiazg/notifier/connector/dummy/dummy.go:86.16,88.4 1 0
github.com/padiazg/notifier/connector/dummy/dummy.go:90.2,90.14 1 0
github.com/padiazg/notifier/connector/dummy/dummy.go:93.60,96.28 3 0
github.com/padiazg/notifier/connector/dummy/dummy.go:96.28,98.3 1 0
github.com/padiazg/notifier/connector/dummy/dummy.go:99.2,99.12 1 0
github.com/padiazg/notifier/connector/webhook/webhook.go:19.58,21.2 1 0
github.com/padiazg/notifier/connector/webhook/webhook.go:23.64,24.19 1 0
github.com/padiazg/notifier/connector/webhook/webhook.go:24.19,26.3 1 0
github.com/padiazg/notifier/connector/webhook/webhook.go:28.2,28.23 1 0
github.com/padiazg/notifier/connector/webhook/webhook.go:28.23,30.3 1 0
github.com/padiazg/notifier/connector/webhook/webhook.go:32.2,34.10 2 0
github.com/padiazg/notifier/connector/webhook/webhook.go:37.41,39.2 1 0
github.com/padiazg/notifier/connector/webhook/webhook.go:41.41,43.2 1 0
github.com/padiazg/notifier/connector/webhook/webhook.go:46.72,48.2 1 0
github.com/padiazg/notifier/connector/webhook/webhook.go:50.43,53.2 1 0
github.com/padiazg/notifier/connector/webhook/webhook.go:55.41,58.2 1 0
github.com/padiazg/notifier/connector/webhook/webhook.go:61.70,63.40 1 0
github.com/padiazg/notifier/connector/webhook/webhook.go:63.40,65.3 1 0
github.com/padiazg/notifier/connector/webhook/webhook.go:67.2,67.22 1 0
github.com/padiazg/notifier/connector/webhook/webhook.go:71.41,74.38 2 0
github.com/padiazg/notifier/connector/webhook/webhook.go:74.38,76.3 1 0
github.com/padiazg/notifier/connector/webhook/webhook.go:82.101,87.16 2 0
github.com/padiazg/notifier/connector/webhook/webhook.go:87.16,89.3 1 0
github.com/padiazg/notifier/connector/webhook/webhook.go:92.2,93.16 2 0
github.com/padiazg/notifier/connector/webhook/webhook.go:93.16,95.3 1 0
github.com/padiazg/notifier/connector/webhook/webhook.go:98.2,100.30 2 0
github.com/padiazg/notifier/connector/webhook/webhook.go:100.30,102.3 1 0
github.com/padiazg/notifier/connector/webhook/webhook.go:104.2,106.16 2 0
github.com/padiazg/notifier/connector/webhook/webhook.go:106.16,110.3 1 0
github.com/padiazg/notifier/connector/webhook/webhook.go:112.2,113.16 2 0
github.com/padiazg/notifier/connector/webhook/webhook.go:113.16,115.3 1 0
github.com/padiazg/notifier/connector/webhook/webhook.go:116.2,119.38 2 0
github.com/padiazg/notifier/connector/webhook/webhook.go:119.38,121.3 1 0
github.com/padiazg/notifier/connector/webhook/webhook.go:129.2,129.44 1 0
github.com/padiazg/notifier/engine/engine.go:17.40,19.2 1 0
github.com/padiazg/notifier/engine/engine.go:21.46,22.19 1 0
github.com/padiazg/notifier/engine/engine.go:22.19,24.3 1 0
github.com/padiazg/notifier/engine/engine.go:26.2,26.27 1 0
github.com/padiazg/notifier/engine/engine.go:26.27,28.3 1 0
github.com/padiazg/notifier/engine/engine.go:30.2,31.10 2 0
github.com/padiazg/notifier/engine/engine.go:34.67,39.2 3 0
github.com/padiazg/notifier/engine/engine.go:41.26,44.32 1 0
github.com/padiazg/notifier/engine/engine.go:44.32,46.37 1 0
github.com/padiazg/notifier/engine/engine.go:46.37,48.12 2 0
github.com/padiazg/notifier/engine/engine.go:51.3,51.36 1 0
github.com/padiazg/notifier/engine/engine.go:51.36,53.4 1 0
github.com/padiazg/notifier/engine/engine.go:57.25,60.32 1 0
github.com/padiazg/notifier/engine/engine.go:60.32,62.38 1 0
github.com/padiazg/notifier/engine/engine.go:62.38,64.4 1 0
github.com/padiazg/notifier/engine/engine.go:68.63,70.20 1 0
github.com/padiazg/notifier/engine/engine.go:70.20,72.3 1 0
github.com/padiazg/notifier/engine/engine.go:74.2,74.22 1 0
github.com/padiazg/notifier/engine/engine.go:74.22,76.3 1 0
github.com/padiazg/notifier/engine/engine.go:78.2,78.32 1 0
github.com/padiazg/notifier/engine/engine.go:78.32,80.3 1 0
github.com/padiazg/notifier/engine/engine.go:80.8,82.3 1 0
github.com/padiazg/notifier/engine/engine.go:85.66,88.32 2 0
github.com/padiazg/notifier/engine/engine.go:88.32,91.36 3 0
github.com/padiazg/notifier/engine/engine.go:91.36,94.4 2 0
github.com/padiazg/notifier/engine/engine.go:97.2,97.11 1 0
github.com/padiazg/notifier/engine/engine.go:100.71,102.37 2 0
github.com/padiazg/notifier/engine/engine.go:102.37,104.10 2 0
github.com/padiazg/notifier/engine/engine.go:104.10,106.12 2 0
github.com/padiazg/notifier/engine/engine.go:109.3,111.36 3 0
github.com/padiazg/notifier/engine/engine.go:111.36,114.4 2 0
github.com/padiazg/notifier/engine/engine.go:118.41,119.22 1 0
github.com/padiazg/notifier/engine/engine.go:119.22,121.3 1 0
github.com/padiazg/notifier/utils/random-id.go:10.25,13.43 2 0
github.com/padiazg/notifier/utils/random-id.go:13.43,14.13 1 0
github.com/padiazg/notifier/utils/random-id.go:17.2,17.34 1 0
github.com/padiazg/notifier/connector/webhook/webhook.go:19.58,21.2 1 0
github.com/padiazg/notifier/connector/webhook/webhook.go:23.64,24.19 1 0
github.com/padiazg/notifier/connector/webhook/webhook.go:24.19,26.3 1 0
github.com/padiazg/notifier/connector/webhook/webhook.go:28.2,28.23 1 0
github.com/padiazg/notifier/connector/webhook/webhook.go:28.23,30.3 1 0
github.com/padiazg/notifier/connector/webhook/webhook.go:32.2,34.10 2 0
github.com/padiazg/notifier/connector/webhook/webhook.go:37.41,39.2 1 0
github.com/padiazg/notifier/connector/webhook/webhook.go:41.41,43.2 1 0
github.com/padiazg/notifier/connector/webhook/webhook.go:46.72,48.2 1 0
github.com/padiazg/notifier/connector/webhook/webhook.go:50.43,53.2 1 0
github.com/padiazg/notifier/connector/webhook/webhook.go:55.41,58.2 1 0
github.com/padiazg/notifier/connector/webhook/webhook.go:61.70,63.40 1 0
github.com/padiazg/notifier/connector/webhook/webhook.go:63.40,65.3 1 0
github.com/padiazg/notifier/connector/webhook/webhook.go:67.2,67.22 1 0
github.com/padiazg/notifier/connector/webhook/webhook.go:71.41,74.38 2 0
github.com/padiazg/notifier/connector/webhook/webhook.go:74.38,76.3 1 0
github.com/padiazg/notifier/connector/webhook/webhook.go:82.101,87.16 2 0
github.com/padiazg/notifier/connector/webhook/webhook.go:87.16,89.3 1 0
github.com/padiazg/notifier/connector/webhook/webhook.go:92.2,93.16 2 0
github.com/padiazg/notifier/connector/webhook/webhook.go:93.16,95.3 1 0
github.com/padiazg/notifier/connector/webhook/webhook.go:98.2,100.30 2 0
github.com/padiazg/notifier/connector/webhook/webhook.go:100.30,102.3 1 0
github.com/padiazg/notifier/connector/webhook/webhook.go:104.2,106.16 2 0
github.com/padiazg/notifier/connector/webhook/webhook.go:106.16,110.3 1 0
github.com/padiazg/notifier/connector/webhook/webhook.go:112.2,113.16 2 0
github.com/padiazg/notifier/connector/webhook/webhook.go:113.16,115.3 1 0
github.com/padiazg/notifier/connector/webhook/webhook.go:116.2,119.38 2 0
github.com/padiazg/notifier/connector/webhook/webhook.go:119.38,121.3 1 0
github.com/padiazg/notifier/connector/webhook/webhook.go:129.2,129.44 1 0
github.com/padiazg/notifier/connector/amqp/amqp.go:21.49,24.25 2 0
github.com/padiazg/notifier/connector/amqp/amqp.go:25.22,26.45 1 0
github.com/padiazg/notifier/connector/amqp/amqp.go:27.22,28.45 1 0
github.com/padiazg/notifier/connector/amqp/amqp.go:31.2,31.17 1 0
github.com/padiazg/notifier/connector/amqp/amqp09.go:20.62,21.19 1 0
github.com/padiazg/notifier/connector/amqp/amqp09.go:21.19,23.3 1 0
github.com/padiazg/notifier/connector/amqp/amqp09.go:25.2,25.23 1 0
github.com/padiazg/notifier/connector/amqp/amqp09.go:25.23,27.3 1 0
github.com/padiazg/notifier/connector/amqp/amqp09.go:29.2,33.10 3 0
github.com/padiazg/notifier/connector/amqp/amqp09.go:36.40,38.2 1 0
github.com/padiazg/notifier/connector/amqp/amqp09.go:40.40,42.2 1 0
github.com/padiazg/notifier/connector/amqp/amqp09.go:44.71,46.2 1 0
github.com/padiazg/notifier/connector/amqp/amqp09.go:48.42,52.16 3 0
github.com/padiazg/notifier/connector/amqp/amqp09.go:52.16,54.3 1 0
github.com/padiazg/notifier/connector/amqp/amqp09.go:56.2,56.12 1 0
github.com/padiazg/notifier/connector/amqp/amqp09.go:59.40,62.38 2 0
github.com/padiazg/notifier/connector/amqp/amqp09.go:62.38,64.3 1 0
github.com/padiazg/notifier/connector/amqp/amqp09.go:69.69,71.2 1 0
github.com/padiazg/notifier/connector/amqp/amqp09.go:73.89,76.2 1 0
github.com/padiazg/notifier/connector/amqp/amqp09.go:78.40,80.2 1 0
github.com/padiazg/notifier/connector/amqp/amqp10.go:24.62,25.19 1 0
github.com/padiazg/notifier/connector/amqp/amqp10.go:25.19,27.3 1 0
github.com/padiazg/notifier/connector/amqp/amqp10.go:29.2,29.23 1 0
github.com/padiazg/notifier/connector/amqp/amqp10.go:29.23,31.3 1 0
github.com/padiazg/notifier/connector/amqp/amqp10.go:33.2,37.10 3 0
github.com/padiazg/notifier/connector/amqp/amqp10.go:40.40,42.2 1 0
github.com/padiazg/notifier/connector/amqp/amqp10.go:44.40,46.2 1 0
github.com/padiazg/notifier/connector/amqp/amqp10.go:48.71,50.2 1 0
github.com/padiazg/notifier/connector/amqp/amqp10.go:52.42,62.16 4 0
github.com/padiazg/notifier/connector/amqp/amqp10.go:62.16,64.3 1 0
github.com/padiazg/notifier/connector/amqp/amqp10.go:68.2,69.16 2 0
github.com/padiazg/notifier/connector/amqp/amqp10.go:69.16,71.3 1 0
github.com/padiazg/notifier/connector/amqp/amqp10.go:75.2,78.16 2 0
github.com/padiazg/notifier/connector/amqp/amqp10.go:78.16,80.3 1 0
github.com/padiazg/notifier/connector/amqp/amqp10.go:82.2,82.12 1 0
github.com/padiazg/notifier/connector/amqp/amqp10.go:85.40,88.2 1 0
github.com/padiazg/notifier/connector/amqp/amqp10.go:90.69,92.40 1 0
github.com/padiazg/notifier/connector/amqp/amqp10.go:92.40,94.3 1 0
github.com/padiazg/notifier/connector/amqp/amqp10.go:95.2,95.22 1 0
github.com/padiazg/notifier/connector/amqp/amqp10.go:99.40,105.38 2 0
github.com/padiazg/notifier/connector/amqp/amqp10.go:105.38,107.19 2 0
github.com/padiazg/notifier/connector/amqp/amqp10.go:107.19,109.4 1 0
github.com/padiazg/notifier/connector/amqp/amqp10.go:113.2,113.34 1 0
github.com/padiazg/notifier/connector/amqp/amqp10.go:113.34,115.3 1 0
github.com/padiazg/notifier/connector/amqp/amqp10.go:120.100,130.16 4 0
github.com/padiazg/notifier/connector/amqp/amqp10.go:130.16,132.3 1 0
github.com/padiazg/notifier/connector/amqp/amqp10.go:135.2,136.16 2 0
github.com/padiazg/notifier/connector/amqp/amqp10.go:136.16,138.3 1 0
github.com/padiazg/notifier/connector/amqp/amqp10.go:140.2,140.44 1 0
github.com/padiazg/notifier/connector/dummy/dummy.go:22.41,28.19 2 0
github.com/padiazg/notifier/connector/dummy/dummy.go:28.19,30.3 1 0
github.com/padiazg/notifier/connector/dummy/dummy.go:32.2,32.11 1 0
github.com/padiazg/notifier/connector/dummy/dummy.go:35.41,36.27 1 0
github.com/padiazg/notifier/connector/dummy/dummy.go:36.27,38.3 1 0
github.com/padiazg/notifier/connector/dummy/dummy.go:40.2,40.12 1 0
github.com/padiazg/notifier/connector/dummy/dummy.go:43.39,45.2 1 0
github.com/padiazg/notifier/connector/dummy/dummy.go:47.39,49.38 2 0
github.com/padiazg/notifier/connector/dummy/dummy.go:49.38,51.3 1 0
github.com/padiazg/notifier/connector/dummy/dummy.go:54.70,56.2 1 0
github.com/padiazg/notifier/connector/dummy/dummy.go:58.68,59.40 1 0
github.com/padiazg/notifier/connector/dummy/dummy.go:59.40,61.3 1 0
github.com/padiazg/notifier/connector/dummy/dummy.go:63.2,63.22 1 0
github.com/padiazg/notifier/connector/dummy/dummy.go:66.99,72.9 5 0
github.com/padiazg/notifier/connector/dummy/dummy.go:72.9,74.3 1 0
github.com/padiazg/notifier/connector/dummy/dummy.go:75.2,75.12 1 0
github.com/padiazg/notifier/connector/dummy/dummy.go:78.59,78.83 1 0
github.com/padiazg/notifier/connector/dummy/dummy.go:79.59,79.77 1 0
github.com/padiazg/notifier/connector/dummy/dummy.go:80.59,80.74 1 0
github.com/padiazg/notifier/connector/dummy/dummy.go:82.67,85.28 3 0
github.com/padiazg/notifier/connector/dummy/dummy.go:85.28,86.16 1 0
github.com/padiazg/notifier/connector/dummy/dummy.go:86.16,88.4 1 0
github.com/padiazg/notifier/connector/dummy/dummy.go:90.2,90.14 1 0
github.com/padiazg/notifier/connector/dummy/dummy.go:93.60,96.28 3 0
github.com/padiazg/notifier/connector/dummy/dummy.go:96.28,98.3 1 0
github.com/padiazg/notifier/connector/dummy/dummy.go:99.2,99.12 1 0
github.com/padiazg/notifier/connector/webhook/webhook.go:19.58,21.2 1 0
github.com/padiazg/notifier/connector/webhook/webhook.go:23.64,24.19 1 0
github.com/padiazg/notifier/connector/webhook/webhook.go:24.19,26.3 1 0
github.com/padiazg/notifier/connector/webhook/webhook.go:28.2,28.23 1 0
github.com/padiazg/notifier/connector/webhook/webhook.go:28.23,30.3 1 0
github.com/padiazg/notifier/connector/webhook/webhook.go:32.2,34.10 2 0
github.com/padiazg/notifier/connector/webhook/webhook.go:37.41,39.2 1 0
github.com/padiazg/notifier/connector/webhook/webhook.go:41.41,43.2 1 0
github.com/padiazg/notifier/connector/webhook/webhook.go:46.72,48.2 1 0
github.com/padiazg/notifier/connector/webhook/webhook.go:50.43,53.2 1 0
github.com/padiazg/notifier/connector/webhook/webhook.go:55.41,58.2 1 0
github.com/padiazg/notifier/connector/webhook/webhook.go:61.70,63.40 1 0
github.com/padiazg/notifier/connector/webhook/webhook.go:63.40,65.3 1 0
github.com/padiazg/notifier/connector/webhook/webhook.go:67.2,67.22 1 0
github.com/padiazg/notifier/connector/webhook/webhook.go:71.41,74.38 2 0
github.com/padiazg/notifier/connector/webhook/webhook.go:74.38,76.3 1 0
github.com/padiazg/notifier/connector/webhook/webhook.go:82.101,87.16 2 0
github.com/padiazg/notifier/connector/webhook/webhook.go:87.16,89.3 1 0
github.com/padiazg/notifier/connector/webhook/webhook.go:92.2,93.16 2 0
github.com/padiazg/notifier/connector/webhook/webhook.go:93.16,95.3 1 0
github.com/padiazg/notifier/connector/webhook/webhook.go:98.2,100.30 2 0
github.com/padiazg/notifier/connector/webhook/webhook.go:100.30,102.3 1 0
github.com/padiazg/notifier/connector/webhook/webhook.go:104.2,106.16 2 0
github.com/padiazg/notifier/connector/webhook/webhook.go:106.16,110.3 1 0
github.com/padiazg/notifier/connector/webhook/webhook.go:112.2,113.16 2 0
github.com/padiazg/notifier/connector/webhook/webhook.go:113.16,115.3 1 0
github.com/padiazg/notifier/connector/webhook/webhook.go:116.2,119.38 2 0
github.com/padiazg/notifier/connector/webhook/webhook.go:119.38,121.3 1 0
github.com/padiazg/notifier/connector/webhook/webhook.go:129.2,129.44 1 0
github.com/padiazg/notifier/engine/engine.go:17.40,19.2 1 0
github.com/padiazg/notifier/engine/engine.go:21.46,22.19 1 0
github.com/padiazg/notifier/engine/engine.go:22.19,24.3 1 0
github.com/padiazg/notifier/engine/engine.go:26.2,26.27 1 0
github.com/padiazg/notifier/engine/engine.go:26.27,28.3 1 0
github.com/padiazg/notifier/engine/engine.go:30.2,31.10 2 0
github.com/padiazg/notifier/engine/engine.go:34.67,39.2 3 0
github.com/padiazg/notifier/engine/engine.go:41.26,44.32 1 0
github.com/padiazg/notifier/engine/engine.go:44.32,46.37 1 0
github.com/padiazg/notifier/engine/engine.go:46.37,48.12 2 0
github.com/padiazg/notifier/engine/engine.go:51.3,51.36 1 0
github.com/padiazg/notifier/engine/engine.go:51.36,53.4 1 0
github.com/padiazg/notifier/engine/engine.go:57.25,60.32 1 0
github.com/padiazg/notifier/engine/engine.go:60.32,62.38 1 0
github.com/padiazg/notifier/engine/engine.go:62.38,64.4 1 0
github.com/padiazg/notifier/engine/engine.go:68.63,70.20 1 0
github.com/padiazg/notifier/engine/engine.go:70.20,72.3 1 0
github.com/padiazg/notifier/engine/engine.go:74.2,74.22 1 0
github.com/padiazg/notifier/engine/engine.go:74.22,76.3 1 0
github.com/padiazg/notifier/engine/engine.go:78.2,78.32 1 0
github.com/padiazg/notifier/engine/engine.go:78.32,80.3 1 0
github.com/padiazg/notifier/engine/engine.go:80.8,82.3 1 0
github.com/padiazg/notifier/engine/engine.go:85.66,88.32 2 0
github.com/padiazg/notifier/engine/engine.go:88.32,91.36 3 0
github.com/padiazg/notifier/engine/engine.go:91.36,94.4 2 0
github.com/padiazg/notifier/engine/engine.go:97.2,97.11 1 0
github.com/padiazg/notifier/engine/engine.go:100.71,102.37 2 0
github.com/padiazg/notifier/engine/engine.go:102.37,104.10 2 0
github.com/padiazg/notifier/engine/engine.go:104.10,106.12 2 0
github.com/padiazg/notifier/engine/engine.go:109.3,111.36 3 0
github.com/padiazg/notifier/engine/engine.go:111.36,114.4 2 0
github.com/padiazg/notifier/engine/engine.go:118.41,119.22 1 0
github.com/padiazg/notifier/engine/engine.go:119.22,121.3 1 0
github.com/padiazg/notifier/utils/random-id.go:10.25,13.43 2 1
github.com/padiazg/notifier/utils/random-id.go:13.43,14.13 1 1
github.com/padiazg/notifier/utils/random-id.go:17.2,17.34 1 1
github.com/padiazg/notifier/connector/amqp/amqp.go:21.49,24.25 2 0
github.com/padiazg/notifier/connector/amqp/amqp.go:25.22,26.45 1 0
github.com/padiazg/notifier/connector/amqp/amqp.go:27.22,28.45 1 0
github.com/padiazg/notifier/connector/amqp/amqp.go:31.2,31.17 1 0
github.com/padiazg/notifier/connector/amqp/amqp09.go:20.62,21.19 1 0
github.com/padiazg/notifier/connector/amqp/amqp09.go:21.19,23.3 1 0
github.com/padiazg/notifier/connector/amqp/amqp09.go:25.2,25.23 1 0
github.com/padiazg/notifier/connector/amqp/amqp09.go:25.23,27.3 1 0
github.com/padiazg/notifier/connector/amqp/amqp09.go:29.2,33.10 3 0
github.com/padiazg/notifier/connector/amqp/amqp09.go:36.40,38.2 1 0
github.com/padiazg/notifier/connector/amqp/amqp09.go:40.40,42.2 1 0
github.com/padiazg/notifier/connector/amqp/amqp09.go:44.71,46.2 1 0
github.com/padiazg/notifier/connector/amqp/amqp09.go:48.42,52.16 3 0
github.com/padiazg/notifier/connector/amqp/amqp09.go:52.16,54.3 1 0
github.com/padiazg/notifier/connector/amqp/amqp09.go:56.2,56.12 1 0
github.com/padiazg/notifier/connector/amqp/amqp09.go:59.40,62.38 2 0
github.com/padiazg/notifier/connector/amqp/amqp09.go:62.38,64.3 1 0
github.com/padiazg/notifier/connector/amqp/amqp09.go:69.69,71.2 1 0
github.com/padiazg/notifier/connector/amqp/amqp09.go:73.89,76.2 1 0
github.com/padiazg/notifier/connector/amqp/amqp09.go:78.40,80.2 1 0
github.com/padiazg/notifier/connector/amqp/amqp10.go:24.62,25.19 1 0
github.com/padiazg/notifier/connector/amqp/amqp10.go:25.19,27.3 1 0
github.com/padiazg/notifier/connector/amqp/amqp10.go:29.2,29.23 1 0
github.com/padiazg/notifier/connector/amqp/amqp10.go:29.23,31.3 1 0
github.com/padiazg/notifier/connector/amqp/amqp10.go:33.2,37.10 3 0
github.com/padiazg/notifier/connector/amqp/amqp10.go:40.40,42.2 1 0
github.com/padiazg/notifier/connector/amqp/amqp10.go:44.40,46.2 1 0
github.com/padiazg/notifier/connector/amqp/amqp10.go:48.71,50.2 1 0
github.com/padiazg/notifier/connector/amqp/amqp10.go:52.42,62.16 4 0
github.com/padiazg/notifier/connector/amqp/amqp10.go:62.16,64.3 1 0
github.com/padiazg/notifier/connector/amqp/amqp10.go:68.2,69.16 2 0
github.com/padiazg/notifier/connector/amqp/amqp10.go:69.16,71.3 1 0
github.com/padiazg/notifier/connector/amqp/amqp10.go:75.2,78.16 2 0
github.com/padiazg/notifier/connector/amqp/amqp10.go:78.16,80.3 1 0
github.com/padiazg/notifier/connector/amqp/amqp10.go:82.2,82.12 1 0
github.com/padiazg/notifier/connector/amqp/amqp10.go:85.40,88.2 1 0
github.com/padiazg/notifier/connector/amqp/amqp10.go:90.69,92.40 1 0
github.com/padiazg/notifier/connector/amqp/amqp10.go:92.40,94.3 1 0
github.com/padiazg/notifier/connector/amqp/amqp10.go:95.2,95.22 1 0
github.com/padiazg/notifier/connector/amqp/amqp10.go:99.40,105.38 2 0
github.com/padiazg/notifier/connector/amqp/amqp10.go:105.38,107.19 2 0
github.com/padiazg/notifier/connector/amqp/amqp10.go:107.19,109.4 1 0
github.com/padiazg/notifier/connector/amqp/amqp10.go:113.2,113.34 1 0
github.com/padiazg/notifier/connector/amqp/amqp10.go:113.34,115.3 1 0
github.com/padiazg/notifier/connector/amqp/amqp10.go:120.100,130.16 4 0
github.com/padiazg/notifier/connector/amqp/amqp10.go:130.16,132.3 1 0
github.com/padiazg/notifier/connector/amqp/amqp10.go:135.2,136.16 2 0
github.com/padiazg/notifier/connector/amqp/amqp10.go:136.16,138.3 1 0
github.com/padiazg/notifier/connector/amqp/amqp10.go:140.2,140.44 1 0
github.com/padiazg/notifier/connector/dummy/dummy.go:22.41,28.19 2 1
github.com/padiazg/notifier/connector/dummy/dummy.go:28.19,30.3 1 1
github.com/padiazg/notifier/connector/dummy/dummy.go:32.2,32.11 1 1
github.com/padiazg/notifier/connector/dummy/dummy.go:35.41,36.27 1 1
github.com/padiazg/notifier/connector/dummy/dummy.go:36.27,38.3 1 1
github.com/padiazg/notifier/connector/dummy/dummy.go:40.2,40.12 1 1
github.com/padiazg/notifier/connector/dummy/dummy.go:43.39,45.2 1 1
github.com/padiazg/notifier/connector/dummy/dummy.go:47.39,49.38 2 1
github.com/padiazg/notifier/connector/dummy/dummy.go:49.38,51.3 1 1
github.com/padiazg/notifier/connector/dummy/dummy.go:54.70,56.2 1 1
github.com/padiazg/notifier/connector/dummy/dummy.go:58.68,59.40 1 1
github.com/padiazg/notifier/connector/dummy/dummy.go:59.40,61.3 1 1
github.com/padiazg/notifier/connector/dummy/dummy.go:63.2,63.22 1 1
github.com/padiazg/notifier/connector/dummy/dummy.go:66.99,72.9 5 1
github.com/padiazg/notifier/connector/dummy/dummy.go:72.9,74.3 1 1
github.com/padiazg/notifier/connector/dummy/dummy.go:75.2,75.12 1 1
github.com/padiazg/notifier/connector/dummy/dummy.go:78.59,78.83 1 1
github.com/padiazg/notifier/connector/dummy/dummy.go:79.59,79.77 1 1
github.com/padiazg/notifier/connector/dummy/dummy.go:80.59,80.74 1 1
github.com/padiazg/notifier/connector/dummy/dummy.go:82.67,85.28 3 1
github.com/padiazg/notifier/connector/dummy/dummy.go:85.28,86.16 1 1
github.com/padiazg/notifier/connector/dummy/dummy.go:86.16,88.4 1 1
github.com/padiazg/notifier/connector/dummy/dummy.go:90.2,90.14 1 1
github.com/padiazg/notifier/connector/dummy/dummy.go:93.60,96.28 3 1
github.com/padiazg/notifier/connector/dummy/dummy.go:96.28,98.3 1 1
github.com/padiazg/notifier/connector/dummy/dummy.go:99.2,99.12 1 1
github.com/padiazg/notifier/connector/webhook/webhook.go:19.58,21.2 1 0
github.com/padiazg/notifier/connector/webhook/webhook.go:23.64,24.19 1 0
github.com/padiazg/notifier/connector/webhook/webhook.go:24.19,26.3 1 0
github.com/padiazg/notifier/connector/webhook/webhook.go:28.2,28.23 1 0
github.com/padiazg/notifier/connector/webhook/webhook.go:28.23,30.3 1 0
github.com/padiazg/notifier/connector/webhook/webhook.go:32.2,34.10 2 0
github.com/padiazg/notifier/connector/webhook/webhook.go:37.41,39.2 1 0
github.com/padiazg/notifier/connector/webhook/webhook.go:41.41,43.2 1 0
github.com/padiazg/notifier/connector/webhook/webhook.go:46.72,48.2 1 0
github.com/padiazg/notifier/connector/webhook/webhook.go:50.43,53.2 1 0
github.com/padiazg/notifier/connector/webhook/webhook.go:55.41,58.2 1 0
github.com/padiazg/notifier/connector/webhook/webhook.go:61.70,63.40 1 0
github.com/padiazg/notifier/connector/webhook/webhook.go:63.40,65.3 1 0
github.com/padiazg/notifier/connector/webhook/webhook.go:67.2,67.22 1 0
github.com/padiazg/notifier/connector/webhook/webhook.go:71.41,74.38 2 0
github.com/padiazg/notifier/connector/webhook/webhook.go:74.38,76.3 1 0
github.com/padiazg/notifier/connector/webhook/webhook.go:82.101,87.16 2 0
github.com/padiazg/notifier/connector/webhook/webhook.go:87.16,89.3 1 0
github.com/padiazg/notifier/connector/webhook/webhook.go:92.2,93.16 2 0
github.com/padiazg/notifier/connector/webhook/webhook.go:93.16,95.3 1 0
github.com/padiazg/notifier/connector/webhook/webhook.go:98.2,100.30 2 0
github.com/padiazg/notifier/connector/webhook/webhook.go:100.30,102.3 1 0
github.com/padiazg/notifier/connector/webhook/webhook.go:104.2,106.16 2 0
github.com/padiazg/notifier/connector/webhook/webhook.go:106.16,110.3 1 0
github.com/padiazg/notifier/connector/webhook/webhook.go:112.2,113.16 2 0
github.com/padiazg/notifier/connector/webhook/webhook.go:113.16,115.3 1 0
github.com/padiazg/notifier/connector/webhook/webhook.go:116.2,119.38 2 0
github.com/padiazg/notifier/connector/webhook/webhook.go:119.38,121.3 1 0
github.com/padiazg/notifier/connector/webhook/webhook.go:129.2,129.44 1 0
github.com/padiazg/notifier/engine/engine.go:17.40,19.2 1 0
github.com/padiazg/notifier/engine/engine.go:21.46,22.19 1 0
github.com/padiazg/notifier/engine/engine.go:22.19,24.3 1 0
github.com/padiazg/notifier/engine/engine.go:26.2,26.27 1 0
github.com/padiazg/notifier/engine/engine.go:26.27,28.3 1 0
github.com/padiazg/notifier/engine/engine.go:30.2,31.10 2 0
github.com/padiazg/notifier/engine/engine.go:34.67,39.2 3 0
github.com/padiazg/notifier/engine/engine.go:41.26,44.32 1 0
github.com/padiazg/notifier/engine/engine.go:44.32,46.37 1 0
github.com/padiazg/notifier/engine/engine.go:46.37,48.12 2 0
github.com/padiazg/notifier/engine/engine.go:51.3,51.36 1 0
github.com/padiazg/notifier/engine/engine.go:51.36,53.4 1 0
github.com/padiazg/notifier/engine/engine.go:57.25,60.32 1 0
github.com/padiazg/notifier/engine/engine.go:60.32,62.38 1 0
github.com/padiazg/notifier/engine/engine.go:62.38,64.4 1 0
github.com/padiazg/notifier/engine/engine.go:68.63,70.20 1 0
github.com/padiazg/notifier/engine/engine.go:70.20,72.3 1 0
github.com/padiazg/notifier/engine/engine.go:74.2,74.22 1 0
github.com/padiazg/notifier/engine/engine.go:74.22,76.3 1 0
github.com/padiazg/notifier/engine/engine.go:78.2,78.32 1 0
github.com/padiazg/notifier/engine/engine.go:78.32,80.3 1 0
github.com/padiazg/notifier/engine/engine.go:80.8,82.3 1 0
github.com/padiazg/notifier/engine/engine.go:85.66,88.32 2 0
github.com/padiazg/notifier/engine/engine.go:88.32,91.36 3 0
github.com/padiazg/notifier/engine/engine.go:91.36,94.4 2 0
github.com/padiazg/notifier/engine/engine.go:97.2,97.11 1 0
github.com/padiazg/notifier/engine/engine.go:100.71,102.37 2 0
github.com/padiazg/notifier/engine/engine.go:102.37,104.10 2 0
github.com/padiazg/notifier/engine/engine.go:104.10,106.12 2 0
github.com/padiazg/notifier/engine/engine.go:109.3,111.36 3 0
github.com/padiazg/notifier/engine/engine.go:111.36,114.4 2 0
github.com/padiazg/notifier/engine/engine.go:118.41,119.22 1 0
github.com/padiazg/notifier/engine/engine.go:119.22,121.3 1 0
github.com/padiazg/notifier/utils/random-id.go:10.25,13.43 2 0
github.com/padiazg/notifier/utils/random-id.go:13.43,14.13 1 0
github.com/padiazg/notifier/utils/random-id.go:17.2,17.34 1 0
github.com/padiazg/notifier/connector/amqp/amqp.go:21.49,24.25 2 1
github.com/padiazg/notifier/connector/amqp/amqp.go:25.22,26.45 1 0
github.com/padiazg/notifier/connector/amqp/amqp.go:27.22,28.45 1 1
github.com/padiazg/notifier/connector/amqp/amqp.go:31.2,31.17 1 1
github.com/padiazg/notifier/connector/amqp/amqp09.go:20.62,21.19 1 1
github.com/padiazg/notifier/connector/amqp/amqp09.go:21.19,23.3 1 0
github.com/padiazg/notifier/connector/amqp/amqp09.go:25.2,25.23 1 1
github.com/padiazg/notifier/connector/amqp/amqp09.go:25.23,27.3 1 1
github.com/padiazg/notifier/connector/amqp/amqp09.go:29.2,33.10 3 1
github.com/padiazg/notifier/connector/amqp/amqp09.go:36.40,38.2 1 1
github.com/padiazg/notifier/connector/amqp/amqp09.go:40.40,42.2 1 1
github.com/padiazg/notifier/connector/amqp/amqp09.go:44.71,46.2 1 0
github.com/padiazg/notifier/connector/amqp/amqp09.go:48.42,52.16 3 0
github.com/padiazg/notifier/connector/amqp/amqp09.go:52.16,54.3 1 0
github.com/padiazg/notifier/connector/amqp/amqp09.go:56.2,56.12 1 0
github.com/padiazg/notifier/connector/amqp/amqp09.go:59.40,62.38 2 0
github.com/padiazg/notifier/connector/amqp/amqp09.go:62.38,64.3 1 0
github.com/padiazg/notifier/connector/amqp/amqp09.go:69.69,71.2 1 0
github.com/padiazg/notifier/connector/amqp/amqp09.go:73.89,76.2 1 0
github.com/padiazg/notifier/connector/amqp/amqp09.go:78.40,80.2 1 0
github.com/padiazg/notifier/connector/amqp/amqp10.go:24.62,25.19 1 0
github.com/padiazg/notifier/connector/amqp/amqp10.go:25.19,27.3 1 0
github.com/padiazg/notifier/connector/amqp/amqp10.go:29.2,29.23 1 0
github.com/padiazg/notifier/connector/amqp/amqp10.go:29.23,31.3 1 0
github.com/padiazg/notifier/connector/amqp/amqp10.go:33.2,37.10 3 0
github.com/padiazg/notifier/connector/amqp/amqp10.go:40.40,42.2 1 0
github.com/padiazg/notifier/connector/amqp/amqp10.go:44.40,46.2 1 0
github.com/padiazg/notifier/connector/amqp/amqp10.go:48.71,50.2 1 0
github.com/padiazg/notifier/connector/amqp/amqp10.go:52.42,62.16 4 0
github.com/padiazg/notifier/connector/amqp/amqp10.go:62.16,64.3 1 0
github.com/padiazg/notifier/connector/amqp/amqp10.go:68.2,69.16 2 0
github.com/padiazg/notifier/connector/amqp/amqp10.go:69.16,71.3 1 0
github.com/padiazg/notifier/connector/amqp/amqp10.go:75.2,78.16 2 0
github.com/padiazg/notifier/connector/amqp/amqp10.go:78.16,80.3 1 0
github.com/padiazg/notifier/connector/amqp/amqp10.go:82.2,82.12 1 0
github.com/padiazg/notifier/connector/amqp/amqp10.go:85.40,88.2 1 0
github.com/padiazg/notifier/connector/amqp/amqp10.go:90.69,92.40 1 0
github.com/padiazg/notifier/connector/amqp/amqp10.go:92.40,94.3 1 0
github.com/padiazg/notifier/connector/amqp/amqp10.go:95.2,95.22 1 0
github.com/padiazg/notifier/connector/amqp/amqp10.go:99.40,105.38 2 0
github.com/padiazg/notifier/connector/amqp/amqp10.go:105.38,107.19 2 0
github.com/padiazg/notifier/connector/amqp/amqp10.go:107.19,109.4 1 0
github.com/padiazg/notifier/connector/amqp/amqp10.go:113.2,113.34 1 0
github.com/padiazg/notifier/connector/amqp/amqp10.go:113.34,115.3 1 0
github.com/padiazg/notifier/connector/amqp/amqp10.go:120.100,130.16 4 0
github.com/padiazg/notifier/connector/amqp/amqp10.go:130.16,132.3 1 0
github.com/padiazg/notifier/connector/amqp/amqp10.go:135.2,136.16 2 0
github.com/padiazg/notifier/connector/amqp/amqp10.go:136.16,138.3 1 0
github.com/padiazg/notifier/connector/amqp/amqp10.go:140.2,140.44 1 0
github.com/padiazg/notifier/connector/dummy/dummy.go:22.41,28.19 2 1
github.com/padiazg/notifier/connector/dummy/dummy.go:28.19,30.3 1 1
github.com/padiazg/notifier/connector/dummy/dummy.go:32.2,32.11 1 1
github.com/padiazg/notifier/connector/dummy/dummy.go:35.41,36.27 1 1
github.com/padiazg/notifier/connector/dummy/dummy.go:36.27,38.3 1 1
github.com/padiazg/notifier/connector/dummy/dummy.go:40.2,40.12 1 1
github.com/padiazg/notifier/connector/dummy/dummy.go:43.39,45.2 1 0
github.com/padiazg/notifier/connector/dummy/dummy.go:47.39,49.38 2 1
github.com/padiazg/notifier/connector/dummy/dummy.go:49.38,51.3 1 1
github.com/padiazg/notifier/connector/dummy/dummy.go:54.70,56.2 1 1
github.com/padiazg/notifier/connector/dummy/dummy.go:58.68,59.40 1 1
github.com/padiazg/notifier/connector/dummy/dummy.go:59.40,61.3 1 0
github.com/padiazg/notifier/connector/dummy/dummy.go:63.2,63.22 1 1
github.com/padiazg/notifier/connector/dummy/dummy.go:66.99,72.9 5 1
github.com/padiazg/notifier/connector/dummy/dummy.go:72.9,74.3 1 0
github.com/padiazg/notifier/connector/dummy/dummy.go:75.2,75.12 1 1
github.com/padiazg/notifier/connector/dummy/dummy.go:78.59,78.83 1 1
github.com/padiazg/notifier/connector/dummy/dummy.go:79.59,79.77 1 0
github.com/padiazg/notifier/connector/dummy/dummy.go:80.59,80.74 1 0
github.com/padiazg/notifier/connector/dummy/dummy.go:82.67,85.28 3 1
github.com/padiazg/notifier/connector/dummy/dummy.go:85.28,86.16 1 1
github.com/padiazg/notifier/connector/dummy/dummy.go:86.16,88.4 1 1
github.com/padiazg/notifier/connector/dummy/dummy.go:90.2,90.14 1 0
github.com/padiazg/notifier/connector/dummy/dummy.go:93.60,96.28 3 1
github.com/padiazg/notifier/connector/dummy/dummy.go:96.28,98.3 1 1
github.com/padiazg/notifier/connector/dummy/dummy.go:99.2,99.12 1 0
github.com/padiazg/notifier/connector/webhook/webhook.go:19.58,21.2 1 1
github.com/padiazg/notifier/connector/webhook/webhook.go:23.64,24.19 1 1
github.com/padiazg/notifier/connector/webhook/webhook.go:24.19,26.3 1 0
github.com/padiazg/notifier/connector/webhook/webhook.go:28.2,28.23 1 1
github.com/padiazg/notifier/connector/webhook/webhook.go:28.23,30.3 1 1
github.com/padiazg/notifier/connector/webhook/webhook.go:32.2,34.10 2 1
github.com/padiazg/notifier/connector/webhook/webhook.go:37.41,39.2 1 1
github.com/padiazg/notifier/connector/webhook/webhook.go:41.41,43.2 1 1
github.com/padiazg/notifier/connector/webhook/webhook.go:46.72,48.2 1 0
github.com/padiazg/notifier/connector/webhook/webhook.go:50.43,53.2 1 0
github.com/padiazg/notifier/connector/webhook/webhook.go:55.41,58.2 1 0
github.com/padiazg/notifier/connector/webhook/webhook.go:61.70,63.40 1 0
github.com/padiazg/notifier/connector/webhook/webhook.go:63.40,65.3 1 0
github.com/padiazg/notifier/connector/webhook/webhook.go:67.2,67.22 1 0
github.com/padiazg/notifier/connector/webhook/webhook.go:71.41,74.38 2 0
github.com/padiazg/notifier/connector/webhook/webhook.go:74.38,76.3 1 0
github.com/padiazg/notifier/connector/webhook/webhook.go:82.101,87.16 2 0
github.com/padiazg/notifier/connector/webhook/webhook.go:87.16,89.3 1 0
github.com/padiazg/notifier/connector/webhook/webhook.go:92.2,93.16 2 0
github.com/padiazg/notifier/connector/webhook/webhook.go:93.16,95.3 1 0
github.com/padiazg/notifier/connector/webhook/webhook.go:98.2,100.30 2 0
github.com/padiazg/notifier/connector/webhook/webhook.go:100.30,102.3 1 0
github.com/padiazg/notifier/connector/webhook/webhook.go:104.2,106.16 2 0
github.com/padiazg/notifier/connector/webhook/webhook.go:106.16,110.3 1 0
github.com/padiazg/notifier/connector/webhook/webhook.go:112.2,113.16 2 0
github.com/padiazg/notifier/connector/webhook/webhook.go:113.16,115.3 1 0
github.com/padiazg/notifier/connector/webhook/webhook.go:116.2,119.38 2 0
github.com/padiazg/notifier/connector/webhook/webhook.go:119.38,121.3 1 0
github.com/padiazg/notifier/connector/webhook/webhook.go:129.2,129.44 1 0
github.com/padiazg/notifier/engine/engine.go:17.40,19.2 1 1
github.com/padiazg/notifier/engine/engine.go:21.46,22.19 1 1
github.com/padiazg/notifier/engine/engine.go:22.19,24.3 1 1
github.com/padiazg/notifier/engine/engine.go:26.2,26.27 1 1
github.com/padiazg/notifier/engine/engine.go:26.27,28.3 1 1
github.com/padiazg/notifier/engine/engine.go:30.2,31.10 2 1
github.com/padiazg/notifier/engine/engine.go:34.67,39.2 3 1
github.com/padiazg/notifier/engine/engine.go:41.26,44.32 1 1
github.com/padiazg/notifier/engine/engine.go:44.32,46.37 1 1
github.com/padiazg/notifier/engine/engine.go:46.37,48.12 2 1
github.com/padiazg/notifier/engine/engine.go:51.3,51.36 1 1
github.com/padiazg/notifier/engine/engine.go:51.36,53.4 1 1
github.com/padiazg/notifier/engine/engine.go:57.25,60.32 1 1
github.com/padiazg/notifier/engine/engine.go:60.32,62.38 1 1
github.com/padiazg/notifier/engine/engine.go:62.38,64.4 1 1
github.com/padiazg/notifier/engine/engine.go:68.63,70.20 1 1
github.com/padiazg/notifier/engine/engine.go:70.20,72.3 1 1
github.com/padiazg/notifier/engine/engine.go:74.2,74.22 1 1
github.com/padiazg/notifier/engine/engine.go:74.22,76.3 1 1
github.com/padiazg/notifier/engine/engine.go:78.2,78.32 1 1
github.com/padiazg/notifier/engine/engine.go:78.32,80.3 1 1
github.com/padiazg/notifier/engine/engine.go:80.8,82.3 1 1
github.com/padiazg/notifier/engine/engine.go:85.66,88.32 2 1
github.com/padiazg/notifier/engine/engine.go:88.32,91.36 3 1
github.com/padiazg/notifier/engine/engine.go:91.36,94.4 2 1
github.com/padiazg/notifier/engine/engine.go:97.2,97.11 1 1
github.com/padiazg/notifier/engine/engine.go:100.71,102.37 2 1
github.com/padiazg/notifier/engine/engine.go:102.37,104.10 2 1
github.com/padiazg/notifier/engine/engine.go:104.10,106.12 2 1
github.com/padiazg/notifier/engine/engine.go:109.3,111.36 3 1
github.com/padiazg/notifier/engine/engine.go:111.36,114.4 2 1
github.com/padiazg/notifier/engine/engine.go:118.41,119.22 1 1
github.com/padiazg/notifier/engine/engine.go:119.22,121.3 1 1
github.com/padiazg/notifier/utils/random-id.go:10.25,13.43 2 1
github.com/padiazg/notifier/utils/random-id.go:13.43,14.13 1 0
github.com/padiazg/notifier/utils/random-id.go:17.2,17.34 1 1
